TN:
SF:app.js
FN:30,(anonymous_0)
FN:35,(anonymous_1)
FNF:2
FNH:2
FNDA:2,(anonymous_0)
FNDA:2,(anonymous_1)
DA:5,4
DA:6,4
DA:8,4
DA:10,4
DA:11,4
DA:12,4
DA:13,4
DA:15,4
DA:17,4
DA:19,4
DA:20,4
DA:21,4
DA:22,4
DA:24,4
DA:25,4
DA:26,4
DA:30,4
DA:31,2
DA:35,4
DA:36,2
DA:37,2
DA:38,2
DA:40,2
DA:45,4
LF:24
LH:24
BRDA:36,0,0,1
BRDA:36,0,1,1
BRDA:37,1,0,2
BRDA:37,1,1,0
BRF:4
BRH:3
end_of_record
TN:
SF:config.js
FN:13,getDatabaseUri
FNF:1
FNH:1
FNDA:17,getDatabaseUri
DA:5,9
DA:6,9
DA:8,9
DA:10,9
DA:14,17
DA:22,9
DA:24,9
DA:25,9
DA:26,9
DA:27,9
DA:28,9
DA:29,9
DA:31,9
LF:13
LH:13
BRDA:8,0,0,9
BRDA:8,0,1,8
BRDA:10,1,0,9
BRDA:10,1,1,8
BRDA:14,2,0,14
BRDA:14,2,1,3
BRDA:16,3,0,3
BRDA:16,3,1,1
BRDA:22,4,0,8
BRDA:22,4,1,1
BRF:10
BRH:10
end_of_record
TN:
SF:db.js
FNF:0
FNH:0
DA:3,6
DA:4,6
DA:8,6
DA:9,0
DA:16,6
DA:21,6
DA:23,6
LF:7
LH:6
BRDA:8,0,0,0
BRDA:8,0,1,6
BRF:2
BRH:1
end_of_record
TN:
SF:expressError.js
FN:8,(anonymous_0)
FN:18,(anonymous_1)
FN:26,(anonymous_2)
FN:34,(anonymous_3)
FN:42,(anonymous_4)
FNF:5
FNH:3
FNDA:3,(anonymous_0)
FNDA:2,(anonymous_1)
FNDA:1,(anonymous_2)
FNDA:0,(anonymous_3)
FNDA:0,(anonymous_4)
DA:9,3
DA:10,3
DA:11,3
DA:19,2
DA:27,1
DA:35,0
DA:43,0
DA:47,7
LF:8
LH:6
BRDA:18,0,0,2
BRDA:26,1,0,1
BRDA:34,2,0,0
BRDA:42,3,0,0
BRF:4
BRH:2
end_of_record
TN:
SF:helpers/sql.js
FN:5,sqlForPartialUpdate
FN:10,(anonymous_1)
FNF:2
FNH:0
FNDA:0,sqlForPartialUpdate
FNDA:0,(anonymous_1)
DA:1,6
DA:6,0
DA:7,0
DA:10,0
DA:11,0
DA:14,0
DA:20,6
LF:7
LH:2
BRDA:7,0,0,0
BRDA:7,0,1,0
BRDA:11,1,0,0
BRDA:11,1,1,0
BRF:4
BRH:0
end_of_record
TN:
SF:helpers/tokens.js
FN:6,createToken
FNF:1
FNH:1
FNDA:6,createToken
DA:1,5
DA:2,5
DA:7,6
DA:10,6
DA:15,6
DA:18,5
LF:6
LH:6
BRDA:12,0,0,6
BRDA:12,0,1,5
BRF:2
BRH:2
end_of_record
TN:
SF:middleware/auth.js
FN:18,authenticateJWT
FN:36,ensureLoggedIn
FNF:2
FNH:2
FNDA:5,authenticateJWT
FNDA:2,ensureLoggedIn
DA:5,5
DA:6,5
DA:7,5
DA:19,5
DA:20,5
DA:21,5
DA:22,2
DA:23,2
DA:25,4
DA:27,1
DA:37,2
DA:38,2
DA:39,1
DA:41,1
DA:46,5
LF:15
LH:15
BRDA:20,0,0,5
BRDA:20,0,1,4
BRDA:21,1,0,2
BRDA:21,1,1,3
BRDA:38,2,0,1
BRDA:38,2,1,1
BRF:6
BRH:6
end_of_record
TN:
SF:models/_testCommon.js
FN:6,commonBeforeAll
FN:33,commonBeforeEach
FN:37,commonAfterEach
FN:41,commonAfterAll
FNF:4
FNH:3
FNDA:2,commonBeforeAll
FNDA:0,commonBeforeEach
FNDA:26,commonAfterEach
FNDA:2,commonAfterAll
DA:1,2
DA:3,2
DA:4,2
DA:8,2
DA:10,0
DA:12,0
DA:18,0
DA:34,0
DA:38,26
DA:42,2
DA:46,2
LF:11
LH:7
BRF:0
BRH:0
end_of_record
TN:
SF:models/company.js
FN:19,(anonymous_0)
FN:52,(anonymous_1)
FN:72,(anonymous_2)
FN:102,(anonymous_3)
FN:132,(anonymous_4)
FNF:5
FNH:0
FNDA:0,(anonymous_0)
FNDA:0,(anonymous_1)
FNDA:0,(anonymous_2)
FNDA:0,(anonymous_3)
FNDA:0,(anonymous_4)
DA:3,5
DA:4,5
DA:5,5
DA:20,0
DA:26,0
DA:27,0
DA:29,0
DA:42,0
DA:44,0
DA:53,0
DA:61,0
DA:73,0
DA:83,0
DA:85,0
DA:87,0
DA:103,0
DA:109,0
DA:111,0
DA:119,0
DA:120,0
DA:122,0
DA:124,0
DA:133,0
DA:139,0
DA:141,0
DA:146,5
LF:26
LH:4
BRDA:26,0,0,0
BRDA:26,0,1,0
BRDA:85,1,0,0
BRDA:85,1,1,0
BRDA:122,2,0,0
BRDA:122,2,1,0
BRDA:141,3,0,0
BRDA:141,3,1,0
BRF:8
BRH:0
end_of_record
TN:
SF:models/user.js
FN:24,(anonymous_0)
FN:59,(anonymous_1)
FN:104,(anonymous_2)
FN:126,(anonymous_3)
FN:162,(anonymous_4)
FN:195,(anonymous_5)
FNF:6
FNH:0
FNDA:0,(anonymous_0)
FNDA:0,(anonymous_1)
FNDA:0,(anonymous_2)
FNDA:0,(anonymous_3)
FNDA:0,(anonymous_4)
FNDA:0,(anonymous_5)
DA:3,5
DA:4,5
DA:5,5
DA:10,5
DA:12,5
DA:26,0
DA:38,0
DA:40,0
DA:42,0
DA:43,0
DA:44,0
DA:45,0
DA:49,0
DA:61,0
DA:68,0
DA:69,0
DA:72,0
DA:74,0
DA:94,0
DA:96,0
DA:105,0
DA:115,0
DA:127,0
DA:138,0
DA:140,0
DA:142,0
DA:163,0
DA:164,0
DA:167,0
DA:174,0
DA:176,0
DA:184,0
DA:185,0
DA:187,0
DA:189,0
DA:190,0
DA:196,0
DA:203,0
DA:205,0
DA:210,5
LF:40
LH:6
BRDA:40,0,0,0
BRDA:40,0,1,0
BRDA:43,1,0,0
BRDA:43,1,1,0
BRDA:68,2,0,0
BRDA:68,2,1,0
BRDA:140,3,0,0
BRDA:140,3,1,0
BRDA:163,4,0,0
BRDA:163,4,1,0
BRDA:187,5,0,0
BRDA:187,5,1,0
BRDA:205,6,0,0
BRDA:205,6,1,0
BRF:14
BRH:0
end_of_record
TN:
SF:routes/_testCommon.js
FN:8,commonBeforeAll
FN:65,commonBeforeEach
FN:69,commonAfterEach
FN:73,commonAfterAll
FNF:4
FNH:3
FNDA:3,commonBeforeAll
FNDA:0,commonBeforeEach
FNDA:43,commonAfterEach
FNDA:3,commonAfterAll
DA:3,3
DA:4,3
DA:5,3
DA:6,3
DA:10,3
DA:12,0
DA:14,0
DA:22,0
DA:30,0
DA:39,0
DA:47,0
DA:55,0
DA:66,0
DA:70,43
DA:74,3
DA:78,3
DA:81,3
LF:17
LH:9
BRF:0
BRH:0
end_of_record
TN:
SF:routes/auth.js
FN:22,(anonymous_0)
FN:26,(anonymous_1)
FN:49,(anonymous_2)
FN:53,(anonymous_3)
FNF:4
FNH:0
FNDA:0,(anonymous_0)
FNDA:0,(anonymous_1)
FNDA:0,(anonymous_2)
FNDA:0,(anonymous_3)
DA:5,4
DA:7,4
DA:8,4
DA:9,4
DA:10,4
DA:11,4
DA:12,4
DA:13,4
DA:22,4
DA:23,0
DA:24,0
DA:25,0
DA:26,0
DA:27,0
DA:30,0
DA:31,0
DA:32,0
DA:33,0
DA:35,0
DA:49,4
DA:50,0
DA:51,0
DA:52,0
DA:53,0
DA:54,0
DA:57,0
DA:58,0
DA:59,0
DA:61,0
DA:66,4
LF:30
LH:11
BRDA:25,0,0,0
BRDA:25,0,1,0
BRDA:52,1,0,0
BRDA:52,1,1,0
BRF:4
BRH:0
end_of_record
TN:
SF:routes/companies.js
FN:27,(anonymous_0)
FN:31,(anonymous_1)
FN:53,(anonymous_2)
FN:70,(anonymous_3)
FN:90,(anonymous_4)
FN:94,(anonymous_5)
FN:110,(anonymous_6)
FNF:7
FNH:0
FNDA:0,(anonymous_0)
FNDA:0,(anonymous_1)
FNDA:0,(anonymous_2)
FNDA:0,(anonymous_3)
FNDA:0,(anonymous_4)
FNDA:0,(anonymous_5)
FNDA:0,(anonymous_6)
DA:5,4
DA:6,4
DA:8,4
DA:9,4
DA:10,4
DA:12,4
DA:13,4
DA:15,4
DA:27,4
DA:28,0
DA:29,0
DA:30,0
DA:31,0
DA:32,0
DA:35,0
DA:36,0
DA:38,0
DA:53,4
DA:54,0
DA:55,0
DA:56,0
DA:58,0
DA:70,4
DA:71,0
DA:72,0
DA:73,0
DA:75,0
DA:90,4
DA:91,0
DA:92,0
DA:93,0
DA:94,0
DA:95,0
DA:98,0
DA:99,0
DA:101,0
DA:110,4
DA:111,0
DA:112,0
DA:113,0
DA:115,0
DA:120,4
LF:42
LH:14
BRDA:30,0,0,0
BRDA:30,0,1,0
BRDA:93,1,0,0
BRDA:93,1,1,0
BRF:4
BRH:0
end_of_record
TN:
SF:routes/users.js
FN:30,(anonymous_0)
FN:34,(anonymous_1)
FN:54,(anonymous_2)
FN:71,(anonymous_3)
FN:91,(anonymous_4)
FN:95,(anonymous_5)
FN:112,(anonymous_6)
FNF:7
FNH:0
FNDA:0,(anonymous_0)
FNDA:0,(anonymous_1)
FNDA:0,(anonymous_2)
FNDA:0,(anonymous_3)
FNDA:0,(anonymous_4)
FNDA:0,(anonymous_5)
FNDA:0,(anonymous_6)
DA:5,4
DA:7,4
DA:8,4
DA:9,4
DA:10,4
DA:11,4
DA:12,4
DA:13,4
DA:15,4
DA:30,4
DA:31,0
DA:32,0
DA:33,0
DA:34,0
DA:35,0
DA:38,0
DA:39,0
DA:40,0
DA:42,0
DA:54,4
DA:55,0
DA:56,0
DA:57,0
DA:59,0
DA:71,4
DA:72,0
DA:73,0
DA:74,0
DA:76,0
DA:91,4
DA:92,0
DA:93,0
DA:94,0
DA:95,0
DA:96,0
DA:99,0
DA:100,0
DA:102,0
DA:112,4
DA:113,0
DA:114,0
DA:115,0
DA:117,0
DA:122,4
LF:44
LH:15
BRDA:33,0,0,0
BRDA:33,0,1,0
BRDA:94,1,0,0
BRDA:94,1,1,0
BRF:4
BRH:0
end_of_record
